#
# There is insufficient memory for the Java Runtime Environment to continue.
# Native memory allocation (malloc) failed to allocate 1067696 bytes for Chunk::new
# Possible reasons:
#   The system is out of physical RAM or swap space
#   The process is running with CompressedOops enabled, and the Java Heap may be blocking the growth of the native heap
# Possible solutions:
#   Reduce memory load on the system
#   Increase physical memory or swap space
#   Check if swap backing store is full
#   Decrease Java heap size (-Xmx/-Xms)
#   Decrease number of Java threads
#   Decrease Java thread stack sizes (-Xss)
#   Set larger code cache with -XX:ReservedCodeCacheSize=
#   JVM is running with Unscaled Compressed Oops mode in which the Java heap is
#     placed in the first 4GB address space. The Java Heap base address is the
#     maximum limit for the native heap growth. Please use -XX:HeapBaseMinAddress
#     to set the Java Heap base and to place the Java Heap above 4GB virtual address.
# This output file may be truncated or incomplete.
#
#  Out of Memory Error (allocation.cpp:389), pid=17968, tid=0x0000000000001f60
#
# JRE version: OpenJDK Runtime Environment (8.0_242-b01) (build 1.8.0_242-release-1644-b01)
# Java VM: OpenJDK 64-Bit Server VM (25.242-b01 mixed mode windows-amd64 compressed oops)
# Failed to write core dump. Minidumps are not enabled by default on client versions of Windows
#

---------------  T H R E A D  ---------------

Current thread (0x0000000019e1b000):  JavaThread "C2 CompilerThread2" daemon [_thread_in_native, id=8032, stack(0x000000001b510000,0x000000001b610000)]

Stack: [0x000000001b510000,0x000000001b610000]
[error occurred during error reporting (printing stack bounds), id 0xc0000005]

Native frames: (J=compiled Java code, j=interpreted, Vv=VM code, C=native code)


Current CompileTask:
C2:  15284 8720       4       org.gradle.cache.internal.btree.FreeListBlockStore$FreeListBlock::alloc (240 bytes)


---------------  P R O C E S S  ---------------

Java Threads: ( => current thread )
  0x000000001d7ec800 JavaThread "Cache worker for execution history cache (C:\Users\luohongqiang\Desktop\project\zhongzhi\.gradle\6.1.1\executionHistory)" [_thread_blocked, id=14852, stack(0x0000000028970000,0x0000000028a70000)]
  0x0000000020abf800 JavaThread "pool-1-thread-1" [_thread_blocked, id=1988, stack(0x0000000026ea0000,0x0000000026fa0000)]
  0x0000000020abc800 JavaThread "Build operations Thread 12" [_thread_blocked, id=9880, stack(0x0000000026ba0000,0x0000000026ca0000)]
  0x0000000020abe800 JavaThread "Build operations Thread 11" [_thread_blocked, id=23980, stack(0x0000000026aa0000,0x0000000026ba0000)]
  0x0000000020ab7000 JavaThread "Build operations Thread 10" [_thread_blocked, id=6416, stack(0x00000000268a0000,0x00000000269a0000)]
  0x0000000020abb000 JavaThread "Build operations Thread 9" [_thread_blocked, id=22732, stack(0x00000000267a0000,0x00000000268a0000)]
  0x0000000020abe000 JavaThread "Build operations Thread 8" [_thread_blocked, id=12944, stack(0x00000000266a0000,0x00000000267a0000)]
  0x0000000020ab6800 JavaThread "Build operations Thread 7" [_thread_blocked, id=4532, stack(0x00000000265a0000,0x00000000266a0000)]
  0x0000000020ab9800 JavaThread "Build operations Thread 6" [_thread_blocked, id=8680, stack(0x00000000264a0000,0x00000000265a0000)]
  0x0000000020ab8000 JavaThread "Build operations Thread 5" [_thread_blocked, id=4460, stack(0x00000000263a0000,0x00000000264a0000)]
  0x0000000020ab5000 JavaThread "Build operations Thread 4" [_thread_blocked, id=25344, stack(0x0000000025210000,0x0000000025310000)]
  0x0000000020abb800 JavaThread "Build operations Thread 3" [_thread_in_native, id=19740, stack(0x0000000024f10000,0x0000000025010000)]
  0x0000000020ab2000 JavaThread "Build operations Thread 2" [_thread_blocked, id=24744, stack(0x0000000024e10000,0x0000000024f10000)]
  0x0000000020ab5800 JavaThread "Build operations" [_thread_blocked, id=9076, stack(0x0000000024d10000,0x0000000024e10000)]
  0x0000000020ab2800 JavaThread "Cache worker for Build Output Cleanup Cache (C:\Users\luohongqiang\Desktop\project\zhongzhi\.gradle\buildOutputCleanup)" [_thread_blocked, id=4100, stack(0x0000000024a10000,0x0000000024b10000)]
  0x000000001d3a0800 JavaThread "Cache worker for execution history cache (C:\Users\luohongqiang\.gradle\wrapper\dists\gradle-6.1.1-all\caches\6.1.1\executionHistory)" [_thread_blocked, id=3384, stack(0x0000000022f40000,0x0000000023040000)]
  0x000000001d3a3800 JavaThread "Cache worker for cache directory md-rule (C:\Users\luohongqiang\.gradle\wrapper\dists\gradle-6.1.1-all\caches\6.1.1\md-rule)" [_thread_blocked, id=16992, stack(0x0000000021da0000,0x0000000021ea0000)]
  0x000000001d39f800 JavaThread "Cache worker for cache directory md-supplier (C:\Users\luohongqiang\.gradle\wrapper\dists\gradle-6.1.1-all\caches\6.1.1\md-supplier)" [_thread_blocked, id=16876, stack(0x0000000021800000,0x0000000021900000)]
  0x000000001d39f000 JavaThread "Cache worker for file hash cache (C:\Users\luohongqiang\Desktop\project\zhongzhi\.gradle\6.1.1\fileHashes)" [_thread_blocked, id=10080, stack(0x0000000021aa0000,0x0000000021ba0000)]
  0x000000001d3a5000 JavaThread "Cache worker for checksums cache (C:\Users\luohongqiang\Desktop\project\zhongzhi\.gradle\checksums)" [_thread_blocked, id=6920, stack(0x00000000219a0000,0x0000000021aa0000)]
  0x000000001d3a6000 JavaThread "Cache worker for file hash cache (C:\Users\luohongqiang\.gradle\wrapper\dists\gradle-6.1.1-all\caches\6.1.1\fileHashes)" [_thread_blocked, id=9876, stack(0x000000001f360000,0x000000001f460000)]
  0x000000001d3a1000 JavaThread "File lock request listener" [_thread_in_native, id=16152, stack(0x000000001f260000,0x000000001f360000)]
  0x000000001d3fe000 JavaThread "Cache worker for journal cache (C:\Users\luohongqiang\.gradle\wrapper\dists\gradle-6.1.1-all\caches\journal-1)" [_thread_blocked, id=21984, stack(0x000000001f160000,0x000000001f260000)]
  0x000000001d2ef800 JavaThread "Thread-9" [_thread_blocked, id=19640, stack(0x000000001ee60000,0x000000001ef60000)]
  0x000000001d2ec800 JavaThread "Stdin handler" [_thread_blocked, id=8340, stack(0x000000001ed60000,0x000000001ee60000)]
  0x000000001d2eb800 JavaThread "Asynchronous log dispatcher for DefaultDaemonConnection: socket connection from /127.0.0.1:63019 to /127.0.0.1:63020" [_thread_blocked, id=21320, stack(0x000000001ec60000,0x000000001ed60000)]
  0x000000001d30a000 JavaThread "Daemon worker" [_thread_in_native, id=23104, stack(0x000000001eb60000,0x000000001ec60000)]
  0x000000001d2ea800 JavaThread "Cancel handler" [_thread_blocked, id=13392, stack(0x000000001ea60000,0x000000001eb60000)]
  0x000000001ba6f000 JavaThread "Handler for socket connection from /127.0.0.1:63019 to /127.0.0.1:63020" [_thread_in_native, id=10196, stack(0x000000001e760000,0x000000001e860000)]
  0x000000001ba6d000 JavaThread "Daemon" [_thread_blocked, id=13444, stack(0x000000001e660000,0x000000001e760000)]
  0x000000001ba41000 JavaThread "Daemon periodic checks" [_thread_blocked, id=21668, stack(0x000000001e560000,0x000000001e660000)]
  0x000000001ba40800 JavaThread "Incoming local TCP Connector on port 63019" [_thread_in_native, id=12344, stack(0x000000001e3b0000,0x000000001e4b0000)]
  0x000000001d0de000 JavaThread "Daemon health stats" [_thread_blocked, id=24368, stack(0x000000001e2b0000,0x000000001e3b0000)]
  0x0000000019ea5000 JavaThread "Service Thread" daemon [_thread_blocked, id=18048, stack(0x000000001b710000,0x000000001b810000)]
  0x0000000019e1c000 JavaThread "C1 CompilerThread3" daemon [_thread_blocked, id=24704, stack(0x000000001b610000,0x000000001b710000)]
=>0x0000000019e1b000 JavaThread "C2 CompilerThread2" daemon [_thread_in_native, id=8032, stack(0x000000001b510000,0x000000001b610000)]
  0x0000000019e16000 JavaThread "C2 CompilerThread1" daemon [_thread_blocked, id=16792, stack(0x000000001b410000,0x000000001b510000)]
  0x0000000019db8800 JavaThread "C2 CompilerThread0" daemon [_thread_blocked, id=19180, stack(0x000000001b310000,0x000000001b410000)]
  0x0000000019db6000 JavaThread "Attach Listener" daemon [_thread_blocked, id=16648, stack(0x000000001b210000,0x000000001b310000)]
  0x0000000019e15000 JavaThread "Signal Dispatcher" daemon [_thread_blocked, id=15372, stack(0x000000001b110000,0x000000001b210000)]
  0x00000000186c2000 JavaThread "Finalizer" daemon [_thread_blocked, id=23428, stack(0x000000001b010000,0x000000001b110000)]
  0x0000000019da3000 JavaThread "Reference Handler" daemon [_thread_blocked, id=25000, stack(0x000000001af10000,0x000000001b010000)]
  0x00000000014fe000 JavaThread "main" [_thread_blocked, id=15764, stack(0x0000000003250000,0x0000000003350000)]

Other Threads:
  0x00000000186b4000 VMThread [stack: 0x000000001ae10000,0x000000001af10000] [id=23756]
  0x0000000019ea8000 WatcherThread [stack: 0x000000001b810000,0x000000001b910000] [id=22048]

VM state:not at safepoint (normal execution)

VM Mutex/Monitor currently owned by a thread: None

heap address: 0x0000000080000000, size: 2048 MB, Compressed Oops mode: 32-bit
Narrow klass base: 0x0000000000000000, Narrow klass shift: 3
Compressed class space size: 1073741824 Address: 0x0000000100000000

Heap:
 PSYoungGen      total 230912K, used 177363K [0x00000000d5580000, 0x00000000e5000000, 0x0000000100000000)
  eden space 215552K, 75% used [0x00000000d5580000,0x00000000df3b8030,0x00000000e2800000)
  from space 15360K, 99% used [0x00000000e3b80000,0x00000000e4a7cc90,0x00000000e4a80000)
  to   space 19968K, 0% used [0x00000000e2800000,0x00000000e2800000,0x00000000e3b80000)
 ParOldGen       total 102400K, used 35610K [0x0000000080000000, 0x0000000086400000, 0x00000000d5580000)
  object space 102400K, 34% used [0x0000000080000000,0x00000000822c6ae0,0x0000000086400000)
 Metaspace       used 73055K, capacity 77153K, committed 77464K, reserved 1116160K
  class space    used 10061K, capacity 10841K, committed 10920K, reserved 1048576K

Card table byte_map: [0x0000000012810000,0x0000000012c20000] byte_map_base: 0x0000000012410000

Marking Bits: (ParMarkBitMap*) 0x0000000060d1f030
 Begin Bits: [0x00000000138d0000, 0x00000000158d0000)
 End Bits:   [0x00000000158d0000, 0x00000000178d0000)

Polling page: 0x00000000014d0000

CodeCache: size=245760Kb used=25393Kb max_used=25421Kb free=220366Kb
 bounds [0x0000000003450000, 0x0000000004d50000, 0x0000000012450000]
 total_blobs=8575 nmethods=7728 adapters=759
 compilation: enabled

Compilation events (10 events):
Event: 15.219 Thread 0x0000000019e1c000 nmethod 8871 0x00000000036acb90 code [0x00000000036acce0, 0x00000000036acdf0]
Event: 15.251 Thread 0x0000000019e16000 8872       4       java.util.regex.Pattern$GroupTail::match (111 bytes)
Event: 15.251 Thread 0x0000000019db8800 8873       4       sun.security.util.AbstractAlgorithmConstraints::checkAlgorithm (138 bytes)
Event: 15.251 Thread 0x0000000019e1c000 8874       3       sun.security.ssl.SSLAlgorithmDecomposer::decomposes (247 bytes)
Event: 15.252 Thread 0x0000000019e16000 nmethod 8872 0x0000000003a15d10 code [0x0000000003a15e60, 0x0000000003a16098]
Event: 15.252 Thread 0x0000000019e1c000 nmethod 8874 0x0000000004d387d0 code [0x0000000004d38b60, 0x0000000004d3ae38]
Event: 15.252 Thread 0x0000000019e1c000 8875       3       sun.security.ssl.SSLAlgorithmDecomposer::decomposes (175 bytes)
Event: 15.253 Thread 0x0000000019e1c000 nmethod 8875 0x0000000004d3b890 code [0x0000000004d3bbe0, 0x0000000004d3db98]
Event: 15.253 Thread 0x0000000019e1c000 8876       1       java.security.AlgorithmParameters::getAlgorithm (5 bytes)
Event: 15.253 Thread 0x0000000019e1c000 nmethod 8876 0x0000000003dd4dd0 code [0x0000000003dd4f20, 0x0000000003dd5030]

GC Heap History (10 events):
Event: 5.591 GC heap before
{Heap before GC invocations=13 (full 2):
 PSYoungGen      total 162304K, used 149504K [0x00000000d5580000, 0x00000000e2f00000, 0x0000000100000000)
  eden space 149504K, 100% used [0x00000000d5580000,0x00000000de780000,0x00000000de780000)
  from space 12800K, 0% used [0x00000000df400000,0x00000000df400000,0x00000000e0080000)
  to   space 12800K, 0% used [0x00000000de780000,0x00000000de780000,0x00000000df400000)
 ParOldGen       total 73216K, used 15892K [0x0000000080000000, 0x0000000084780000, 0x00000000d5580000)
  object space 73216K, 21% used [0x0000000080000000,0x0000000080f85240,0x0000000084780000)
 Metaspace       used 45174K, capacity 46958K, committed 47272K, reserved 1089536K
  class space    used 6125K, capacity 6516K, committed 6568K, reserved 1048576K
Event: 5.601 GC heap after
Heap after GC invocations=13 (full 2):
 PSYoungGen      total 162304K, used 12768K [0x00000000d5580000, 0x00000000e4a80000, 0x0000000100000000)
  eden space 149504K, 0% used [0x00000000d5580000,0x00000000d5580000,0x00000000de780000)
  from space 12800K, 99% used [0x00000000de780000,0x00000000df3f8310,0x00000000df400000)
  to   space 15360K, 0% used [0x00000000e3b80000,0x00000000e3b80000,0x00000000e4a80000)
 ParOldGen       total 73216K, used 17876K [0x0000000080000000, 0x0000000084780000, 0x00000000d5580000)
  object space 73216K, 24% used [0x0000000080000000,0x00000000811753b0,0x0000000084780000)
 Metaspace       used 45174K, capacity 46958K, committed 47272K, reserved 1089536K
  class space    used 6125K, capacity 6516K, committed 6568K, reserved 1048576K
}
Event: 6.963 GC heap before
{Heap before GC invocations=14 (full 2):
 PSYoungGen      total 162304K, used 162272K [0x00000000d5580000, 0x00000000e4a80000, 0x0000000100000000)
  eden space 149504K, 100% used [0x00000000d5580000,0x00000000de780000,0x00000000de780000)
  from space 12800K, 99% used [0x00000000de780000,0x00000000df3f8310,0x00000000df400000)
  to   space 15360K, 0% used [0x00000000e3b80000,0x00000000e3b80000,0x00000000e4a80000)
 ParOldGen       total 73216K, used 17876K [0x0000000080000000, 0x0000000084780000, 0x00000000d5580000)
  object space 73216K, 24% used [0x0000000080000000,0x00000000811753b0,0x0000000084780000)
 Metaspace       used 56405K, capacity 58682K, committed 58920K, reserved 1099776K
  class space    used 7691K, capacity 8141K, committed 8232K, reserved 1048576K
Event: 6.981 GC heap after
Heap after GC invocations=14 (full 2):
 PSYoungGen      total 230912K, used 15349K [0x00000000d5580000, 0x00000000e5000000, 0x0000000100000000)
  eden space 215552K, 0% used [0x00000000d5580000,0x00000000d5580000,0x00000000e2800000)
  from space 15360K, 99% used [0x00000000e3b80000,0x00000000e4a7d510,0x00000000e4a80000)
  to   space 19968K, 0% used [0x00000000e2800000,0x00000000e2800000,0x00000000e3b80000)
 ParOldGen       total 73216K, used 25432K [0x0000000080000000, 0x0000000084780000, 0x00000000d5580000)
  object space 73216K, 34% used [0x0000000080000000,0x00000000818d60b8,0x0000000084780000)
 Metaspace       used 56405K, capacity 58682K, committed 58920K, reserved 1099776K
  class space    used 7691K, capacity 8141K, committed 8232K, reserved 1048576K
}
Event: 7.046 GC heap before
{Heap before GC invocations=15 (full 2):
 PSYoungGen      total 230912K, used 25204K [0x00000000d5580000, 0x00000000e5000000, 0x0000000100000000)
  eden space 215552K, 4% used [0x00000000d5580000,0x00000000d5f1fe10,0x00000000e2800000)
  from space 15360K, 99% used [0x00000000e3b80000,0x00000000e4a7d510,0x00000000e4a80000)
  to   space 19968K, 0% used [0x00000000e2800000,0x00000000e2800000,0x00000000e3b80000)
 ParOldGen       total 73216K, used 25432K [0x0000000080000000, 0x0000000084780000, 0x00000000d5580000)
  object space 73216K, 34% used [0x0000000080000000,0x00000000818d60b8,0x0000000084780000)
 Metaspace       used 56618K, capacity 59025K, committed 59160K, reserved 1099776K
  class space    used 7734K, capacity 8232K, committed 8232K, reserved 1048576K
Event: 7.053 GC heap after
Heap after GC invocations=15 (full 2):
 PSYoungGen      total 235520K, used 481K [0x00000000d5580000, 0x00000000e5000000, 0x0000000100000000)
  eden space 215552K, 0% used [0x00000000d5580000,0x00000000d5580000,0x00000000e2800000)
  from space 19968K, 2% used [0x00000000e2800000,0x00000000e28784d8,0x00000000e3b80000)
  to   space 15360K, 0% used [0x00000000e3b80000,0x00000000e3b80000,0x00000000e4a80000)
 ParOldGen       total 73216K, used 34692K [0x0000000080000000, 0x0000000084780000, 0x00000000d5580000)
  object space 73216K, 47% used [0x0000000080000000,0x00000000821e13d8,0x0000000084780000)
 Metaspace       used 56618K, capacity 59025K, committed 59160K, reserved 1099776K
  class space    used 7734K, capacity 8232K, committed 8232K, reserved 1048576K
}
Event: 7.053 GC heap before
{Heap before GC invocations=16 (full 3):
 PSYoungGen      total 235520K, used 481K [0x00000000d5580000, 0x00000000e5000000, 0x0000000100000000)
  eden space 215552K, 0% used [0x00000000d5580000,0x00000000d5580000,0x00000000e2800000)
  from space 19968K, 2% used [0x00000000e2800000,0x00000000e28784d8,0x00000000e3b80000)
  to   space 15360K, 0% used [0x00000000e3b80000,0x00000000e3b80000,0x00000000e4a80000)
 ParOldGen       total 73216K, used 34692K [0x0000000080000000, 0x0000000084780000, 0x00000000d5580000)
  object space 73216K, 47% used [0x0000000080000000,0x00000000821e13d8,0x0000000084780000)
 Metaspace       used 56618K, capacity 59025K, committed 59160K, reserved 1099776K
  class space    used 7734K, capacity 8232K, committed 8232K, reserved 1048576K
Event: 7.246 GC heap after
Heap after GC invocations=16 (full 3):
 PSYoungGen      total 235520K, used 0K [0x00000000d5580000, 0x00000000e5000000, 0x0000000100000000)
  eden space 215552K, 0% used [0x00000000d5580000,0x00000000d5580000,0x00000000e2800000)
  from space 19968K, 0% used [0x00000000e2800000,0x00000000e2800000,0x00000000e3b80000)
  to   space 15360K, 0% used [0x00000000e3b80000,0x00000000e3b80000,0x00000000e4a80000)
 ParOldGen       total 102400K, used 30769K [0x0000000080000000, 0x0000000086400000, 0x00000000d5580000)
  object space 102400K, 30% used [0x0000000080000000,0x0000000081e0c580,0x0000000086400000)
 Metaspace       used 56527K, capacity 58725K, committed 59160K, reserved 1099776K
  class space    used 7707K, capacity 8182K, committed 8232K, reserved 1048576K
}
Event: 12.472 GC heap before
{Heap before GC invocations=17 (full 3):
 PSYoungGen      total 235520K, used 215552K [0x00000000d5580000, 0x00000000e5000000, 0x0000000100000000)
  eden space 215552K, 100% used [0x00000000d5580000,0x00000000e2800000,0x00000000e2800000)
  from space 19968K, 0% used [0x00000000e2800000,0x00000000e2800000,0x00000000e3b80000)
  to   space 15360K, 0% used [0x00000000e3b80000,0x00000000e3b80000,0x00000000e4a80000)
 ParOldGen       total 102400K, used 30769K [0x0000000080000000, 0x0000000086400000, 0x00000000d5580000)
  object space 102400K, 30% used [0x0000000080000000,0x0000000081e0c580,0x0000000086400000)
 Metaspace       used 69758K, capacity 72425K, committed 72728K, reserved 1112064K
  class space    used 9555K, capacity 10161K, committed 10280K, reserved 1048576K
Event: 12.496 GC heap after
Heap after GC invocations=17 (full 3):
 PSYoungGen      total 230912K, used 15347K [0x00000000d5580000, 0x00000000e5000000, 0x0000000100000000)
  eden space 215552K, 0% used [0x00000000d5580000,0x00000000d5580000,0x00000000e2800000)
  from space 15360K, 99% used [0x00000000e3b80000,0x00000000e4a7cc90,0x00000000e4a80000)
  to   space 19968K, 0% used [0x00000000e2800000,0x00000000e2800000,0x00000000e3b80000)
 ParOldGen       total 102400K, used 35610K [0x0000000080000000, 0x0000000086400000, 0x00000000d5580000)
  object space 102400K, 34% used [0x0000000080000000,0x00000000822c6ae0,0x0000000086400000)
 Metaspace       used 69758K, capacity 72425K, committed 72728K, reserved 1112064K
  class space    used 9555K, capacity 10161K, committed 10280K, reserved 1048576K
}

Deoptimization events (10 events):
Event: 13.219 Thread 0x000000001d3a0800 Uncommon trap: reason=unstable_if action=reinterpret pc=0x0000000003bacf04 method=java.io.BufferedOutputStream.write([BII)V @ 6
Event: 13.347 Thread 0x0000000020abc800 Uncommon trap: reason=unstable_if action=reinterpret pc=0x00000000035d9c5c method=java.util.LinkedHashMap.afterNodeInsertion(Z)V @ 18
Event: 13.437 Thread 0x0000000020abe800 Uncommon trap: reason=unstable_if action=reinterpret pc=0x00000000049c04f4 method=org.objectweb.asm.ClassReader.readUtf(II[C)Ljava/lang/String; @ 41
Event: 13.437 Thread 0x0000000020abe800 Uncommon trap: reason=unstable_if action=reinterpret pc=0x00000000049c5c90 method=org.objectweb.asm.ByteVector.putUTF8(Ljava/lang/String;)Lorg/objectweb/asm/ByteVector; @ 93
Event: 13.438 Thread 0x0000000020abe800 Uncommon trap: reason=unstable_if action=reinterpret pc=0x00000000049bc164 method=org.objectweb.asm.ClassReader.readUtf(II[C)Ljava/lang/String; @ 41
Event: 13.438 Thread 0x0000000020abe800 Uncommon trap: reason=unstable_if action=reinterpret pc=0x00000000049ab2cc method=org.objectweb.asm.ByteVector.putUTF8(Ljava/lang/String;)Lorg/objectweb/asm/ByteVector; @ 93
Event: 13.440 Thread 0x0000000020abe800 Uncommon trap: reason=unstable_if action=reinterpret pc=0x00000000049a71e0 method=org.objectweb.asm.ClassReader.readUtf(II[C)Ljava/lang/String; @ 41
Event: 13.458 Thread 0x0000000020ab2800 Uncommon trap: reason=bimorphic action=maybe_recompile pc=0x0000000003a1c4a8 method=java.io.DataOutputStream.writeShort(I)V @ 12
Event: 15.009 Thread 0x000000001d3a0800 Uncommon trap: reason=unstable_if action=reinterpret pc=0x000000000477a474 method=com.esotericsoftware.kryo.io.Output.writeByte(B)V @ 8
Event: 15.203 Thread 0x000000001d30a000 Uncommon trap: reason=unstable_if action=reinterpret pc=0x0000000003e7ebec method=com.sun.org.apache.xerces.internal.impl.XMLEntityScanner.peekChar()I @ 51

Classes redefined (0 events):
No events

Internal exceptions (10 events):
Event: 12.996 Thread 0x0000000020ab5000 Exception <a 'java/lang/NoSuchMethodError': java.lang.Object.lambda$flatMap$2(Ljava/util/function/Function;Ljava/lang/Object;)Lorg/gradle/internal/Try;> (0x00000000d56efb20) thrown at [C:\src\AOSP-openjdk-git\hotspot\src\share\vm\interpreter\linkResolver.
Event: 12.996 Thread 0x0000000020ab9800 Exception <a 'java/lang/NoSuchMethodError': java.lang.Object.lambda$flatMap$2(Ljava/util/function/Function;Ljava/lang/Object;)Lorg/gradle/internal/Try;> (0x00000000d8a582c0) thrown at [C:\src\AOSP-openjdk-git\hotspot\src\share\vm\interpreter\linkResolver.
Event: 12.996 Thread 0x0000000020ab8000 Exception <a 'java/lang/NoSuchMethodError': java.lang.Object.lambda$flatMap$2(Ljava/util/function/Function;Ljava/lang/Object;)Lorg/gradle/internal/Try;> (0x00000000d8804ef8) thrown at [C:\src\AOSP-openjdk-git\hotspot\src\share\vm\interpreter\linkResolver.
Event: 13.141 Thread 0x0000000020ab7000 Exception <a 'java/lang/NoSuchMethodError': java.lang.Object.lambda$flatMap$0(Ljava/lang/Throwable;)Lorg/gradle/api/internal/artifacts/transform/CacheableInvocation;> (0x00000000d9a68090) thrown at [C:\src\AOSP-openjdk-git\hotspot\src\share\vm\interpreter
Event: 13.268 Thread 0x0000000020abe800 Exception <a 'sun/nio/fs/WindowsException'> (0x00000000da4d5130) thrown at [C:\src\AOSP-openjdk-git\hotspot\src\share\vm\prims\jni.cpp, line 710]
Event: 13.300 Thread 0x0000000020ab5800 Exception <a 'sun/nio/fs/WindowsException'> (0x00000000daa17498) thrown at [C:\src\AOSP-openjdk-git\hotspot\src\share\vm\prims\jni.cpp, line 710]
Event: 13.347 Thread 0x0000000020abb800 Exception <a 'sun/nio/fs/WindowsException'> (0x00000000dac22930) thrown at [C:\src\AOSP-openjdk-git\hotspot\src\share\vm\prims\jni.cpp, line 710]
Event: 13.442 Thread 0x0000000020abe800 Exception <a 'sun/nio/fs/WindowsException'> (0x00000000db400738) thrown at [C:\src\AOSP-openjdk-git\hotspot\src\share\vm\prims\jni.cpp, line 710]
Event: 14.050 Thread 0x0000000020ab7000 Exception <a 'sun/nio/fs/WindowsException'> (0x00000000dc3a72c0) thrown at [C:\src\AOSP-openjdk-git\hotspot\src\share\vm\prims\jni.cpp, line 710]
Event: 14.053 Thread 0x0000000020abe800 Exception <a 'sun/nio/fs/WindowsException'> (0x00000000dc43f818) thrown at [C:\src\AOSP-openjdk-git\hotspot\src\share\vm\prims\jni.cpp, line 710]

Events (10 events):
Event: 15.218 Thread 0x0000000019e1c000 flushing nmethod 0x00000000038724d0
Event: 15.218 Thread 0x0000000019e1c000 flushing nmethod 0x00000000038d0f50
Event: 15.219 Thread 0x0000000019e1c000 flushing nmethod 0x0000000003a15d10
Event: 15.219 Thread 0x0000000019e1c000 flushing nmethod 0x0000000003a60510
Event: 15.253 Thread 0x0000000019e1c000 flushing nmethod 0x0000000003dd4dd0
Event: 15.253 Thread 0x0000000019e1c000 flushing nmethod 0x0000000003e71350
Event: 15.253 Thread 0x0000000019e1c000 flushing nmethod 0x0000000003e851d0
Event: 15.254 Thread 0x0000000019e1c000 flushing nmethod 0x0000000003ff7c10
Event: 15.254 Thread 0x0000000019e1c000 flushing nmethod 0x0000000003ffd2d0
Event: 15.254 Thread 0x0000000019e1c000 flushing nmethod 0x0000000004033e90


Dynamic libraries:
0x00007ff6c05e0000 - 0x00007ff6c0611000 	E:\Android\android-studio\jre\bin\java.exe
0x00007ffc90e40000 - 0x00007ffc91030000 	C:\WINDOWS\SYSTEM32\ntdll.dll
0x00007ffc8ff00000 - 0x00007ffc8ffb2000 	C:\WINDOWS\System32\KERNEL32.DLL
0x00007ffc8e8c0000 - 0x00007ffc8eb64000 	C:\WINDOWS\System32\KERNELBASE.dll
0x00007ffc901e0000 - 0x00007ffc90283000 	C:\WINDOWS\System32\ADVAPI32.dll
0x00007ffc908f0000 - 0x00007ffc9098e000 	C:\WINDOWS\System32\msvcrt.dll
0x00007ffc90530000 - 0x00007ffc905c7000 	C:\WINDOWS\System32\sechost.dll
0x00007ffc909a0000 - 0x00007ffc90ac0000 	C:\WINDOWS\System32\RPCRT4.dll
0x00007ffc90040000 - 0x00007ffc901d5000 	C:\WINDOWS\System32\USER32.dll
0x00007ffc8ee10000 - 0x00007ffc8ee31000 	C:\WINDOWS\System32\win32u.dll
0x00007ffc90500000 - 0x00007ffc90526000 	C:\WINDOWS\System32\GDI32.dll
0x00007ffc8ec20000 - 0x00007ffc8edb6000 	C:\WINDOWS\System32\gdi32full.dll
0x00007ffc8e820000 - 0x00007ffc8e8be000 	C:\WINDOWS\System32\msvcp_win.dll
0x00007ffc8e6a0000 - 0x00007ffc8e79a000 	C:\WINDOWS\System32\ucrtbase.dll
0x00007ffc81de0000 - 0x00007ffc82064000 	C:\WINDOWS\WinSxS\amd64_microsoft.windows.common-controls_6595b64144ccf1df_6.0.18362.1016_none_9e7a36bbe461dae4\COMCTL32.dll
0x00007ffc90ac0000 - 0x00007ffc90df5000 	C:\WINDOWS\System32\combase.dll
0x00007ffc8e7a0000 - 0x00007ffc8e820000 	C:\WINDOWS\System32\bcryptPrimitives.dll
0x00007ffc8fd70000 - 0x00007ffc8fd9e000 	C:\WINDOWS\System32\IMM32.DLL
0x0000000061310000 - 0x00000000613e2000 	E:\Android\android-studio\jre\jre\bin\msvcr100.dll
0x0000000060550000 - 0x0000000060d9b000 	E:\Android\android-studio\jre\jre\bin\server\jvm.dll
0x00007ffc90990000 - 0x00007ffc90998000 	C:\WINDOWS\System32\PSAPI.DLL
0x00007ffc52b40000 - 0x00007ffc52b49000 	C:\WINDOWS\SYSTEM32\WSOCK32.dll
0x00007ffc90290000 - 0x00007ffc902ff000 	C:\WINDOWS\System32\WS2_32.dll
0x00007ffc8b3a0000 - 0x00007ffc8b3c4000 	C:\WINDOWS\SYSTEM32\WINMM.dll
0x00007ffc85350000 - 0x00007ffc8535a000 	C:\WINDOWS\SYSTEM32\VERSION.dll
0x00007ffc8b370000 - 0x00007ffc8b39d000 	C:\WINDOWS\SYSTEM32\WINMMBASE.dll
0x00007ffc8edc0000 - 0x00007ffc8ee0a000 	C:\WINDOWS\System32\cfgmgr32.dll
0x00007ffc885a0000 - 0x00007ffc885af000 	E:\Android\android-studio\jre\jre\bin\verify.dll
0x00007ffc88500000 - 0x00007ffc88529000 	E:\Android\android-studio\jre\jre\bin\java.dll
0x00007ffc86610000 - 0x00007ffc86626000 	E:\Android\android-studio\jre\jre\bin\zip.dll
0x00007ffc8f5b0000 - 0x00007ffc8fc97000 	C:\WINDOWS\System32\SHELL32.dll
0x00007ffc90450000 - 0x00007ffc904f9000 	C:\WINDOWS\System32\shcore.dll
0x00007ffc8ddc0000 - 0x00007ffc8e542000 	C:\WINDOWS\System32\windows.storage.dll
0x00007ffc8dd50000 - 0x00007ffc8dd73000 	C:\WINDOWS\System32\profapi.dll
0x00007ffc8dd00000 - 0x00007ffc8dd4a000 	C:\WINDOWS\System32\powrprof.dll
0x00007ffc8dcf0000 - 0x00007ffc8dd00000 	C:\WINDOWS\System32\UMPDC.dll
0x00007ffc8f550000 - 0x00007ffc8f5a2000 	C:\WINDOWS\System32\shlwapi.dll
0x00007ffc8dd80000 - 0x00007ffc8dd91000 	C:\WINDOWS\System32\kernel.appcore.dll
0x00007ffc8eed0000 - 0x00007ffc8eee7000 	C:\WINDOWS\System32\cryptsp.dll
0x00007ffc865f0000 - 0x00007ffc8660a000 	E:\Android\android-studio\jre\jre\bin\net.dll
0x00007ffc8d550000 - 0x00007ffc8d5b7000 	C:\WINDOWS\system32\mswsock.dll
0x00007ffc865d0000 - 0x00007ffc865e3000 	E:\Android\android-studio\jre\jre\bin\nio.dll
0x00007ffc794c0000 - 0x00007ffc794e6000 	C:\Users\luohongqiang\.gradle\wrapper\dists\gradle-6.1.1-all\native\31\windows-amd64\native-platform.dll
0x00007ffc88590000 - 0x00007ffc8859d000 	E:\Android\android-studio\jre\jre\bin\management.dll
0x00007ffc8d0c0000 - 0x00007ffc8d0f3000 	C:\WINDOWS\system32\rsaenh.dll
0x00007ffc8eea0000 - 0x00007ffc8eec6000 	C:\WINDOWS\System32\bcrypt.dll
0x00007ffc8dbe0000 - 0x00007ffc8dc05000 	C:\WINDOWS\SYSTEM32\USERENV.dll
0x00007ffc8d720000 - 0x00007ffc8d72c000 	C:\WINDOWS\SYSTEM32\CRYPTBASE.dll
0x00007ffc8d260000 - 0x00007ffc8d29a000 	C:\WINDOWS\SYSTEM32\IPHLPAPI.DLL
0x00007ffc8f360000 - 0x00007ffc8f368000 	C:\WINDOWS\System32\NSI.dll
0x00007ffc85180000 - 0x00007ffc85196000 	C:\WINDOWS\SYSTEM32\dhcpcsvc6.DLL
0x00007ffc851f0000 - 0x00007ffc8520c000 	C:\WINDOWS\SYSTEM32\dhcpcsvc.DLL
0x00007ffc8d2a0000 - 0x00007ffc8d36b000 	C:\WINDOWS\SYSTEM32\DNSAPI.dll
0x00007ffc7e750000 - 0x00007ffc7e774000 	E:\Android\android-studio\jre\jre\bin\sunec.dll
0x00007ffc6ee70000 - 0x00007ffc6ef7d000 	C:\WINDOWS\SysWOW64\ierd_tgp_lsp64.dll
0x00007ffc8fda0000 - 0x00007ffc8fef7000 	C:\WINDOWS\System32\ole32.dll
0x00007ffc7e150000 - 0x00007ffc7e15a000 	C:\Windows\System32\rasadhlp.dll
0x00007ffc84410000 - 0x00007ffc84487000 	C:\WINDOWS\System32\fwpuclnt.dll
0x00007ffc8b9d0000 - 0x00007ffc8b9db000 	E:\Android\android-studio\jre\jre\bin\sunmscapi.dll
0x00007ffc8e550000 - 0x00007ffc8e699000 	C:\WINDOWS\System32\CRYPT32.dll
0x00007ffc8dda0000 - 0x00007ffc8ddb2000 	C:\WINDOWS\System32\MSASN1.dll
0x00007ffc8cd40000 - 0x00007ffc8cd71000 	C:\WINDOWS\SYSTEM32\ntmarta.dll

VM Arguments:
jvm_args: -Xmx2048m -Dfile.encoding=GBK -Duser.country=CN -Duser.language=zh -Duser.variant 
java_command: org.gradle.launcher.daemon.bootstrap.GradleDaemon 6.1.1
java_class_path (initial): C:\Users\luohongqiang\.gradle\wrapper\dists\gradle-6.1.1-all\wrapper\dists\gradle-6.1.1-all\cfmwm155h49vnt3hynmlrsdst\gradle-6.1.1\lib\gradle-launcher-6.1.1.jar
Launcher Type: SUN_STANDARD

Environment Variables:
JAVA_HOME=C:\Program Files\Java\jdk1.8.0_91
CLASSPATH=.;C:\Program Files\Java\jdk1.8.0_91\lib;C:\Program Files\Java\jdk1.8.0_91\lib\tools.jar
PATH=C:\ProgramData\Oracle\Java\javapath;C:\Windows\system32;C:\Windows;C:\Windows\System32\Wbem;C:\Windows\System32\WindowsPowerShell\v1.0\;C:\Windows\System32\OpenSSH\;C:\Program Files (x86)\NVIDIA Corporation\PhysX\Common;C:\Program Files\NVIDIA Corporation\NVIDIA NvDLISR;C:\WINDOWS\system32;C:\WINDOWS;C:\WINDOWS\System32\Wbem;C:\WINDOWS\System32\WindowsPowerShell\v1.0\;C:\WINDOWS\System32\OpenSSH\;";C:\Program Files\Java\jdk1.8.0_91\bin;C:\Program Files\Java\jdk1.8.0_91\jre\bin;";E:\Git\cmd;C:\Users\luohongqiang\AppData\Local\Microsoft\WindowsApps;
USERNAME=luohongqiang
OS=Windows_NT
PROCESSOR_IDENTIFIER=Intel64 Family 6 Model 158 Stepping 13, GenuineIntel



---------------  S Y S T E M  ---------------

OS: Windows 10.0 , 64 bit Build 18362 (10.0.18362.959)

CPU:total 12 (initial active 12) (6 cores per cpu, 2 threads per core) family 6 model 158 stepping 13, cmov, cx8, fxsr, mmx, sse, sse2, sse3, ssse3, sse4.1, sse4.2, popcnt, avx, avx2, aes, clmul, erms, 3dnowpref, lzcnt, ht, tsc, tscinvbit, bmi1, bmi2, adx

Memory: 4k page, physical 8306932k(1187620k free), swap 18792692k(4348k free)

vm_info: OpenJDK 64-Bit Server VM (25.242-b01) for windows-amd64 JRE (1.8.0_242-release-1644-b01), built by "builder" with MS VC++ 10.0 (VS2010)

time: Tue Sep 08 13:57:54 2020
timezone: 中国标准时间
elapsed time: 15 seconds (0d 0h 0m 15s)

